<?xml version="1.0" encoding="UTF-8" ?>
<testsuite failures="0" time="0.198" errors="0" skipped="0" tests="2" name="gov.llnl.ontology.mains.NetworkConfluencyTest">
  <properties>
    <property name="java.runtime.name" value="Java(TM) SE Runtime Environment"/>
    <property name="sun.boot.library.path" value="/System/Library/Java/JavaVirtualMachines/1.6.0.jdk/Contents/Libraries"/>
    <property name="java.vm.version" value="20.1-b02-384"/>
    <property name="awt.nativeDoubleBuffering" value="true"/>
    <property name="gopherProxySet" value="false"/>
    <property name="mrj.build" value="10M3425"/>
    <property name="java.vm.vendor" value="Apple Inc."/>
    <property name="java.vendor.url" value="http://www.apple.com/"/>
    <property name="path.separator" value=":"/>
    <property name="java.vm.name" value="Java HotSpot(TM) 64-Bit Server VM"/>
    <property name="file.encoding.pkg" value="sun.io"/>
    <property name="user.country" value="US"/>
    <property name="sun.java.launcher" value="SUN_STANDARD"/>
    <property name="sun.os.patch.level" value="unknown"/>
    <property name="java.vm.specification.name" value="Java Virtual Machine Specification"/>
    <property name="user.dir" value="/Users/stevens35/dev/C-Cat/core"/>
    <property name="java.runtime.version" value="1.6.0_26-b03-384-10M3425"/>
    <property name="java.awt.graphicsenv" value="apple.awt.CGraphicsEnvironment"/>
    <property name="basedir" value="/Users/stevens35/dev/C-Cat/core"/>
    <property name="java.endorsed.dirs" value="/System/Library/Java/JavaVirtualMachines/1.6.0.jdk/Contents/Home/lib/endorsed"/>
    <property name="os.arch" value="x86_64"/>
    <property name="surefire.real.class.path" value="/Users/stevens35/dev/C-Cat/core/target/surefire/surefirebooter2907259114687863778.jar"/>
    <property name="java.io.tmpdir" value="/var/folders/tI/tI7eDUJcE5idnnad9ECflk++ZCw/-Tmp-/"/>
    <property name="line.separator" value="
"/>
    <property name="java.vm.specification.vendor" value="Sun Microsystems Inc."/>
    <property name="os.name" value="Mac OS X"/>
    <property name="sun.jnu.encoding" value="MacRoman"/>
    <property name="java.library.path" value=".:/Library/Java/Extensions:/System/Library/Java/Extensions:/usr/lib/java"/>
    <property name="surefire.test.class.path" value="/Users/stevens35/dev/C-Cat/core/target/test-classes:/Users/stevens35/dev/C-Cat/core/target/classes:/Users/stevens35/.m2/repository/gov/llnl/ontology/extendOntology-util/1.0/extendOntology-util-1.0.jar:/Users/stevens35/.m2/repository/gov/llnl/ontology/extendOntology-wordnet/1.0/extendOntology-wordnet-1.0.jar:/Users/stevens35/.m2/repository/edu/stanford/nlp/stanfordNlp/2010-11-12/stanfordNlp-2010-11-12.jar:/Users/stevens35/.m2/repository/junit/junit/4.7/junit-4.7.jar:/Users/stevens35/.m2/repository/edu/ucla/sspace/sspace/2.0/sspace-2.0.jar:/Users/stevens35/.m2/repository/graph/edu/ucla/sspace/sspace-graph/1.0/sspace-graph-1.0.jar:/Users/stevens35/.m2/repository/gov/llnl/text/textCommons/1.5.2/textCommons-1.5.2.jar:/Users/stevens35/.m2/repository/org/apache/mahout/mahout-math/0.5/mahout-math-0.5.jar:/Users/stevens35/.m2/repository/org/apache/commons/commons-math/2.1/commons-math-2.1.jar:/Users/stevens35/.m2/repository/org/uncommons/maths/uncommons-maths/1.2/uncommons-maths-1.2.jar:/Users/stevens35/.m2/repository/org/apache/mahout/mahout-collections/1.0/mahout-collections-1.0.jar:/Users/stevens35/.m2/repository/org/slf4j/slf4j-api/1.6.0/slf4j-api-1.6.0.jar:/Users/stevens35/.m2/repository/org/apache/mahout/mahout-core/0.5/mahout-core-0.5.jar:/Users/stevens35/.m2/repository/commons-dbcp/commons-dbcp/1.2.2/commons-dbcp-1.2.2.jar:/Users/stevens35/.m2/repository/commons-pool/commons-pool/1.4/commons-pool-1.4.jar:/Users/stevens35/.m2/repository/commons-lang/commons-lang/2.4/commons-lang-2.4.jar:/Users/stevens35/.m2/repository/org/uncommons/watchmaker/watchmaker-framework/0.6.2/watchmaker-framework-0.6.2.jar:/Users/stevens35/.m2/repository/com/google/collections/google-collections/1.0-rc2/google-collections-1.0-rc2.jar:/Users/stevens35/.m2/repository/com/thoughtworks/xstream/xstream/1.3.1/xstream-1.3.1.jar:/Users/stevens35/.m2/repository/xpp3/xpp3_min/1.1.4c/xpp3_min-1.1.4c.jar:/Users/stevens35/.m2/repository/org/apache/lucene/lucene-core/3.1.0/lucene-core-3.1.0.jar:/Users/stevens35/.m2/repository/org/apache/lucene/lucene-analyzers/3.1.0/lucene-analyzers-3.1.0.jar:/Users/stevens35/.m2/repository/org/apache/mahout/commons/commons-cli/2.0-mahout/commons-cli-2.0-mahout.jar:/Users/stevens35/.m2/repository/commons-collections/commons-collections/3.2.1/commons-collections-3.2.1.jar:/Users/stevens35/.m2/repository/org/apache/hadoop/hadoop-core/0.20.2/hadoop-core-0.20.2.jar:/Users/stevens35/.m2/repository/commons-cli/commons-cli/1.2/commons-cli-1.2.jar:/Users/stevens35/.m2/repository/xmlenc/xmlenc/0.52/xmlenc-0.52.jar:/Users/stevens35/.m2/repository/commons-httpclient/commons-httpclient/3.0.1/commons-httpclient-3.0.1.jar:/Users/stevens35/.m2/repository/commons-codec/commons-codec/1.3/commons-codec-1.3.jar:/Users/stevens35/.m2/repository/commons-net/commons-net/1.4.1/commons-net-1.4.1.jar:/Users/stevens35/.m2/repository/org/mortbay/jetty/jetty/6.1.14/jetty-6.1.14.jar:/Users/stevens35/.m2/repository/org/mortbay/jetty/jetty-util/6.1.14/jetty-util-6.1.14.jar:/Users/stevens35/.m2/repository/tomcat/jasper-runtime/5.5.12/jasper-runtime-5.5.12.jar:/Users/stevens35/.m2/repository/tomcat/jasper-compiler/5.5.12/jasper-compiler-5.5.12.jar:/Users/stevens35/.m2/repository/org/mortbay/jetty/jsp-api-2.1/6.1.14/jsp-api-2.1-6.1.14.jar:/Users/stevens35/.m2/repository/org/mortbay/jetty/jsp-2.1/6.1.14/jsp-2.1-6.1.14.jar:/Users/stevens35/.m2/repository/ant/ant/1.6.5/ant-1.6.5.jar:/Users/stevens35/.m2/repository/commons-el/commons-el/1.0/commons-el-1.0.jar:/Users/stevens35/.m2/repository/net/java/dev/jets3t/jets3t/0.7.1/jets3t-0.7.1.jar:/Users/stevens35/.m2/repository/org/mortbay/jetty/servlet-api-2.5/6.1.14/servlet-api-2.5-6.1.14.jar:/Users/stevens35/.m2/repository/net/sf/kosmosfs/kfs/0.3/kfs-0.3.jar:/Users/stevens35/.m2/repository/hsqldb/hsqldb/1.8.0.10/hsqldb-1.8.0.10.jar:/Users/stevens35/.m2/repository/oro/oro/2.0.8/oro-2.0.8.jar:/Users/stevens35/.m2/repository/org/eclipse/jdt/core/3.1.1/core-3.1.1.jar:/Users/stevens35/.m2/repository/org/apache/hbase/hbase/0.90.1/hbase-0.90.1.jar:/Users/stevens35/.m2/repository/commons-logging/commons-logging/1.1.1/commons-logging-1.1.1.jar:/Users/stevens35/.m2/repository/log4j/log4j/1.2.16/log4j-1.2.16.jar:/Users/stevens35/.m2/repository/org/apache/hadoop/avro/1.3.3/avro-1.3.3.jar:/Users/stevens35/.m2/repository/org/codehaus/jackson/jackson-mapper-asl/1.4.2/jackson-mapper-asl-1.4.2.jar:/Users/stevens35/.m2/repository/com/thoughtworks/paranamer/paranamer/2.2/paranamer-2.2.jar:/Users/stevens35/.m2/repository/com/thoughtworks/paranamer/paranamer-ant/2.2/paranamer-ant-2.2.jar:/Users/stevens35/.m2/repository/com/thoughtworks/paranamer/paranamer-generator/2.2/paranamer-generator-2.2.jar:/Users/stevens35/.m2/repository/com/thoughtworks/qdox/qdox/1.10.1/qdox-1.10.1.jar:/Users/stevens35/.m2/repository/org/apache/ant/ant/1.7.1/ant-1.7.1.jar:/Users/stevens35/.m2/repository/org/apache/ant/ant-launcher/1.7.1/ant-launcher-1.7.1.jar:/Users/stevens35/.m2/repository/org/apache/zookeeper/zookeeper/3.3.2/zookeeper-3.3.2.jar:/Users/stevens35/.m2/repository/jline/jline/0.9.94/jline-0.9.94.jar:/Users/stevens35/.m2/repository/org/apache/thrift/thrift/0.2.0/thrift-0.2.0.jar:/Users/stevens35/.m2/repository/org/jruby/jruby-complete/1.0.3/jruby-complete-1.0.3.jar:/Users/stevens35/.m2/repository/org/slf4j/slf4j-log4j12/1.5.8/slf4j-log4j12-1.5.8.jar:/Users/stevens35/.m2/repository/com/google/protobuf/protobuf-java/2.3.0/protobuf-java-2.3.0.jar:/Users/stevens35/.m2/repository/com/sun/jersey/jersey-core/1.4/jersey-core-1.4.jar:/Users/stevens35/.m2/repository/com/sun/jersey/jersey-json/1.4/jersey-json-1.4.jar:/Users/stevens35/.m2/repository/org/codehaus/jettison/jettison/1.1/jettison-1.1.jar:/Users/stevens35/.m2/repository/com/sun/xml/bind/jaxb-impl/2.1.12/jaxb-impl-2.1.12.jar:/Users/stevens35/.m2/repository/org/codehaus/jackson/jackson-core-asl/1.5.5/jackson-core-asl-1.5.5.jar:/Users/stevens35/.m2/repository/org/codehaus/jackson/jackson-jaxrs/1.5.5/jackson-jaxrs-1.5.5.jar:/Users/stevens35/.m2/repository/org/codehaus/jackson/jackson-xc/1.5.5/jackson-xc-1.5.5.jar:/Users/stevens35/.m2/repository/com/sun/jersey/jersey-server/1.4/jersey-server-1.4.jar:/Users/stevens35/.m2/repository/asm/asm/3.1/asm-3.1.jar:/Users/stevens35/.m2/repository/javax/ws/rs/jsr311-api/1.1.1/jsr311-api-1.1.1.jar:/Users/stevens35/.m2/repository/javax/xml/bind/jaxb-api/2.1/jaxb-api-2.1.jar:/Users/stevens35/.m2/repository/javax/activation/activation/1.1/activation-1.1.jar:/Users/stevens35/.m2/repository/stax/stax-api/1.0.1/stax-api-1.0.1.jar:/Users/stevens35/.m2/repository/org/apache/opennlp/opennlp-tools/1.5.1-incubating/opennlp-tools-1.5.1-incubating.jar:/Users/stevens35/.m2/repository/org/apache/opennlp/opennlp-maxent/3.0.1-incubating/opennlp-maxent-3.0.1-incubating.jar:/Users/stevens35/.m2/repository/jwnl/jwnl/1.3.3/jwnl-1.3.3.jar:/Users/stevens35/.m2/repository/com/google/code/gson/gson/1.7.1/gson-1.7.1.jar:/Users/stevens35/.m2/repository/com/google/guava/guava/r09/guava-r09.jar:"/>
    <property name="java.specification.name" value="Java Platform API Specification"/>
    <property name="java.class.version" value="50.0"/>
    <property name="sun.management.compiler" value="HotSpot 64-Bit Tiered Compilers"/>
    <property name="os.version" value="10.6.7"/>
    <property name="http.nonProxyHosts" value="local|*.local|169.254/16|*.169.254/16"/>
    <property name="user.home" value="/Users/stevens35"/>
    <property name="user.timezone" value=""/>
    <property name="java.awt.printerjob" value="apple.awt.CPrinterJob"/>
    <property name="java.specification.version" value="1.6"/>
    <property name="file.encoding" value="MacRoman"/>
    <property name="user.name" value="stevens35"/>
    <property name="java.class.path" value="/Users/stevens35/dev/C-Cat/core/target/test-classes:/Users/stevens35/dev/C-Cat/core/target/classes:/Users/stevens35/.m2/repository/gov/llnl/ontology/extendOntology-util/1.0/extendOntology-util-1.0.jar:/Users/stevens35/.m2/repository/gov/llnl/ontology/extendOntology-wordnet/1.0/extendOntology-wordnet-1.0.jar:/Users/stevens35/.m2/repository/edu/stanford/nlp/stanfordNlp/2010-11-12/stanfordNlp-2010-11-12.jar:/Users/stevens35/.m2/repository/junit/junit/4.7/junit-4.7.jar:/Users/stevens35/.m2/repository/edu/ucla/sspace/sspace/2.0/sspace-2.0.jar:/Users/stevens35/.m2/repository/graph/edu/ucla/sspace/sspace-graph/1.0/sspace-graph-1.0.jar:/Users/stevens35/.m2/repository/gov/llnl/text/textCommons/1.5.2/textCommons-1.5.2.jar:/Users/stevens35/.m2/repository/org/apache/mahout/mahout-math/0.5/mahout-math-0.5.jar:/Users/stevens35/.m2/repository/org/apache/commons/commons-math/2.1/commons-math-2.1.jar:/Users/stevens35/.m2/repository/org/uncommons/maths/uncommons-maths/1.2/uncommons-maths-1.2.jar:/Users/stevens35/.m2/repository/org/apache/mahout/mahout-collections/1.0/mahout-collections-1.0.jar:/Users/stevens35/.m2/repository/org/slf4j/slf4j-api/1.6.0/slf4j-api-1.6.0.jar:/Users/stevens35/.m2/repository/org/apache/mahout/mahout-core/0.5/mahout-core-0.5.jar:/Users/stevens35/.m2/repository/commons-dbcp/commons-dbcp/1.2.2/commons-dbcp-1.2.2.jar:/Users/stevens35/.m2/repository/commons-pool/commons-pool/1.4/commons-pool-1.4.jar:/Users/stevens35/.m2/repository/commons-lang/commons-lang/2.4/commons-lang-2.4.jar:/Users/stevens35/.m2/repository/org/uncommons/watchmaker/watchmaker-framework/0.6.2/watchmaker-framework-0.6.2.jar:/Users/stevens35/.m2/repository/com/google/collections/google-collections/1.0-rc2/google-collections-1.0-rc2.jar:/Users/stevens35/.m2/repository/com/thoughtworks/xstream/xstream/1.3.1/xstream-1.3.1.jar:/Users/stevens35/.m2/repository/xpp3/xpp3_min/1.1.4c/xpp3_min-1.1.4c.jar:/Users/stevens35/.m2/repository/org/apache/lucene/lucene-core/3.1.0/lucene-core-3.1.0.jar:/Users/stevens35/.m2/repository/org/apache/lucene/lucene-analyzers/3.1.0/lucene-analyzers-3.1.0.jar:/Users/stevens35/.m2/repository/org/apache/mahout/commons/commons-cli/2.0-mahout/commons-cli-2.0-mahout.jar:/Users/stevens35/.m2/repository/commons-collections/commons-collections/3.2.1/commons-collections-3.2.1.jar:/Users/stevens35/.m2/repository/org/apache/hadoop/hadoop-core/0.20.2/hadoop-core-0.20.2.jar:/Users/stevens35/.m2/repository/commons-cli/commons-cli/1.2/commons-cli-1.2.jar:/Users/stevens35/.m2/repository/xmlenc/xmlenc/0.52/xmlenc-0.52.jar:/Users/stevens35/.m2/repository/commons-httpclient/commons-httpclient/3.0.1/commons-httpclient-3.0.1.jar:/Users/stevens35/.m2/repository/commons-codec/commons-codec/1.3/commons-codec-1.3.jar:/Users/stevens35/.m2/repository/commons-net/commons-net/1.4.1/commons-net-1.4.1.jar:/Users/stevens35/.m2/repository/org/mortbay/jetty/jetty/6.1.14/jetty-6.1.14.jar:/Users/stevens35/.m2/repository/org/mortbay/jetty/jetty-util/6.1.14/jetty-util-6.1.14.jar:/Users/stevens35/.m2/repository/tomcat/jasper-runtime/5.5.12/jasper-runtime-5.5.12.jar:/Users/stevens35/.m2/repository/tomcat/jasper-compiler/5.5.12/jasper-compiler-5.5.12.jar:/Users/stevens35/.m2/repository/org/mortbay/jetty/jsp-api-2.1/6.1.14/jsp-api-2.1-6.1.14.jar:/Users/stevens35/.m2/repository/org/mortbay/jetty/jsp-2.1/6.1.14/jsp-2.1-6.1.14.jar:/Users/stevens35/.m2/repository/ant/ant/1.6.5/ant-1.6.5.jar:/Users/stevens35/.m2/repository/commons-el/commons-el/1.0/commons-el-1.0.jar:/Users/stevens35/.m2/repository/net/java/dev/jets3t/jets3t/0.7.1/jets3t-0.7.1.jar:/Users/stevens35/.m2/repository/org/mortbay/jetty/servlet-api-2.5/6.1.14/servlet-api-2.5-6.1.14.jar:/Users/stevens35/.m2/repository/net/sf/kosmosfs/kfs/0.3/kfs-0.3.jar:/Users/stevens35/.m2/repository/hsqldb/hsqldb/1.8.0.10/hsqldb-1.8.0.10.jar:/Users/stevens35/.m2/repository/oro/oro/2.0.8/oro-2.0.8.jar:/Users/stevens35/.m2/repository/org/eclipse/jdt/core/3.1.1/core-3.1.1.jar:/Users/stevens35/.m2/repository/org/apache/hbase/hbase/0.90.1/hbase-0.90.1.jar:/Users/stevens35/.m2/repository/commons-logging/commons-logging/1.1.1/commons-logging-1.1.1.jar:/Users/stevens35/.m2/repository/log4j/log4j/1.2.16/log4j-1.2.16.jar:/Users/stevens35/.m2/repository/org/apache/hadoop/avro/1.3.3/avro-1.3.3.jar:/Users/stevens35/.m2/repository/org/codehaus/jackson/jackson-mapper-asl/1.4.2/jackson-mapper-asl-1.4.2.jar:/Users/stevens35/.m2/repository/com/thoughtworks/paranamer/paranamer/2.2/paranamer-2.2.jar:/Users/stevens35/.m2/repository/com/thoughtworks/paranamer/paranamer-ant/2.2/paranamer-ant-2.2.jar:/Users/stevens35/.m2/repository/com/thoughtworks/paranamer/paranamer-generator/2.2/paranamer-generator-2.2.jar:/Users/stevens35/.m2/repository/com/thoughtworks/qdox/qdox/1.10.1/qdox-1.10.1.jar:/Users/stevens35/.m2/repository/org/apache/ant/ant/1.7.1/ant-1.7.1.jar:/Users/stevens35/.m2/repository/org/apache/ant/ant-launcher/1.7.1/ant-launcher-1.7.1.jar:/Users/stevens35/.m2/repository/org/apache/zookeeper/zookeeper/3.3.2/zookeeper-3.3.2.jar:/Users/stevens35/.m2/repository/jline/jline/0.9.94/jline-0.9.94.jar:/Users/stevens35/.m2/repository/org/apache/thrift/thrift/0.2.0/thrift-0.2.0.jar:/Users/stevens35/.m2/repository/org/jruby/jruby-complete/1.0.3/jruby-complete-1.0.3.jar:/Users/stevens35/.m2/repository/org/slf4j/slf4j-log4j12/1.5.8/slf4j-log4j12-1.5.8.jar:/Users/stevens35/.m2/repository/com/google/protobuf/protobuf-java/2.3.0/protobuf-java-2.3.0.jar:/Users/stevens35/.m2/repository/com/sun/jersey/jersey-core/1.4/jersey-core-1.4.jar:/Users/stevens35/.m2/repository/com/sun/jersey/jersey-json/1.4/jersey-json-1.4.jar:/Users/stevens35/.m2/repository/org/codehaus/jettison/jettison/1.1/jettison-1.1.jar:/Users/stevens35/.m2/repository/com/sun/xml/bind/jaxb-impl/2.1.12/jaxb-impl-2.1.12.jar:/Users/stevens35/.m2/repository/org/codehaus/jackson/jackson-core-asl/1.5.5/jackson-core-asl-1.5.5.jar:/Users/stevens35/.m2/repository/org/codehaus/jackson/jackson-jaxrs/1.5.5/jackson-jaxrs-1.5.5.jar:/Users/stevens35/.m2/repository/org/codehaus/jackson/jackson-xc/1.5.5/jackson-xc-1.5.5.jar:/Users/stevens35/.m2/repository/com/sun/jersey/jersey-server/1.4/jersey-server-1.4.jar:/Users/stevens35/.m2/repository/asm/asm/3.1/asm-3.1.jar:/Users/stevens35/.m2/repository/javax/ws/rs/jsr311-api/1.1.1/jsr311-api-1.1.1.jar:/Users/stevens35/.m2/repository/javax/xml/bind/jaxb-api/2.1/jaxb-api-2.1.jar:/Users/stevens35/.m2/repository/javax/activation/activation/1.1/activation-1.1.jar:/Users/stevens35/.m2/repository/stax/stax-api/1.0.1/stax-api-1.0.1.jar:/Users/stevens35/.m2/repository/org/apache/opennlp/opennlp-tools/1.5.1-incubating/opennlp-tools-1.5.1-incubating.jar:/Users/stevens35/.m2/repository/org/apache/opennlp/opennlp-maxent/3.0.1-incubating/opennlp-maxent-3.0.1-incubating.jar:/Users/stevens35/.m2/repository/jwnl/jwnl/1.3.3/jwnl-1.3.3.jar:/Users/stevens35/.m2/repository/com/google/code/gson/gson/1.7.1/gson-1.7.1.jar:/Users/stevens35/.m2/repository/com/google/guava/guava/r09/guava-r09.jar:"/>
    <property name="java.vm.specification.version" value="1.0"/>
    <property name="sun.arch.data.model" value="64"/>
    <property name="java.home" value="/System/Library/Java/JavaVirtualMachines/1.6.0.jdk/Contents/Home"/>
    <property name="sun.java.command" value="/Users/stevens35/dev/C-Cat/core/target/surefire/surefirebooter2907259114687863778.jar /Users/stevens35/dev/C-Cat/core/target/surefire/surefire7005396532605654860tmp /Users/stevens35/dev/C-Cat/core/target/surefire/surefire8509936908014228716tmp"/>
    <property name="java.specification.vendor" value="Sun Microsystems Inc."/>
    <property name="user.language" value="en"/>
    <property name="awt.toolkit" value="apple.awt.CToolkit"/>
    <property name="java.vm.info" value="mixed mode"/>
    <property name="java.version" value="1.6.0_26"/>
    <property name="java.ext.dirs" value="/Library/Java/Extensions:/System/Library/Java/Extensions:/System/Library/Java/JavaVirtualMachines/1.6.0.jdk/Contents/Home/lib/ext"/>
    <property name="sun.boot.class.path" value="/System/Library/Java/JavaVirtualMachines/1.6.0.jdk/Contents/Classes/jsfd.jar:/System/Library/Java/JavaVirtualMachines/1.6.0.jdk/Contents/Classes/classes.jar:/System/Library/Frameworks/JavaVM.framework/Frameworks/JavaRuntimeSupport.framework/Resources/Java/JavaRuntimeSupport.jar:/System/Library/Java/JavaVirtualMachines/1.6.0.jdk/Contents/Classes/ui.jar:/System/Library/Java/JavaVirtualMachines/1.6.0.jdk/Contents/Classes/laf.jar:/System/Library/Java/JavaVirtualMachines/1.6.0.jdk/Contents/Classes/sunrsasign.jar:/System/Library/Java/JavaVirtualMachines/1.6.0.jdk/Contents/Classes/jsse.jar:/System/Library/Java/JavaVirtualMachines/1.6.0.jdk/Contents/Classes/jce.jar:/System/Library/Java/JavaVirtualMachines/1.6.0.jdk/Contents/Classes/charsets.jar"/>
    <property name="java.vendor" value="Apple Inc."/>
    <property name="localRepository" value="/Users/stevens35/.m2/repository"/>
    <property name="file.separator" value="/"/>
    <property name="java.vendor.url.bug" value="http://bugreport.apple.com/"/>
    <property name="sun.cpu.endian" value="little"/>
    <property name="sun.io.unicode.encoding" value="UnicodeLittle"/>
    <property name="mrj.version" value="1060.1.6.0_26-384"/>
    <property name="socksNonProxyHosts" value="local|*.local|169.254/16|*.169.254/16"/>
    <property name="ftp.nonProxyHosts" value="local|*.local|169.254/16|*.169.254/16"/>
    <property name="sun.cpu.isalist" value=""/>
  </properties>
  <testcase time="0.116" classname="gov.llnl.ontology.mains.NetworkConfluencyTest" name="testInitialAgreement"/>
  <testcase time="0.004" classname="gov.llnl.ontology.mains.NetworkConfluencyTest" name="testExtendedAgreement"/>
</testsuite>